2026-01-01 01:21:48,790 - INFO - No birthday today
2026-01-02 01:16:03,099 - INFO - No birthday today
2026-01-03 01:11:05,212 - INFO - No birthday today
2026-01-04 01:23:05,896 - INFO - No birthday today
2026-01-05 01:21:42,443 - INFO - No birthday today
2026-01-06 01:15:33,602 - INFO - Email successfully sent to ghh
2026-01-07 01:15:42,941 - INFO - No birthday today
2026-01-08 01:16:21,822 - INFO - No birthday today
2026-01-09 01:16:39,156 - INFO - No birthday today
2026-01-10 01:13:47,823 - INFO - No birthday today
2026-01-11 01:22:50,411 - INFO - No birthday today
2026-01-12 01:19:30,571 - INFO - No birthday today
2026-01-13 01:12:51,539 - INFO - No birthday today
2026-01-14 01:18:45,310 - INFO - No birthday today
2026-01-15 01:14:24,933 - INFO - No birthday today
2026-01-16 01:16:51,907 - INFO - No birthday today
2026-01-17 01:13:15,671 - INFO - No birthday today
2026-01-18 01:21:58,905 - INFO - No birthday today
2026-01-19 01:20:25,168 - INFO - No birthday today
2026-01-20 01:15:47,792 - INFO - No birthday today
2026-01-21 01:18:15,650 - INFO - No birthday today
2026-01-22 01:18:26,788 - INFO - No birthday today
2026-01-23 01:16:22,984 - INFO - No birthday today
2026-01-24 01:14:30,794 - INFO - No birthday today
2026-01-25 01:23:55,905 - INFO - No birthday today
2026-01-26 01:22:38,471 - INFO - No birthday today
2026-01-27 01:21:49,291 - INFO - No birthday today
2026-01-28 01:17:46,277 - INFO - No birthday today
2026-01-29 01:27:39,188 - INFO - No birthday today
2026-01-30 01:27:09,937 - INFO - No birthday today
2026-01-31 01:24:17,115 - INFO - No birthday today
2026-02-01 01:51:26,204 - INFO - No birthday today
2026-02-02 01:44:45,000 - INFO - No birthday today
2026-02-03 01:43:57,610 - INFO - No birthday today
2026-02-04 01:27:09,010 - INFO - No birthday today
2026-02-05 01:27:56,092 - INFO - No birthday today
2026-02-06 01:28:11,430 - INFO - No birthday today
2026-02-07 01:26:38,008 - INFO - No birthday today
2026-02-08 02:03:23,214 - INFO - No birthday today
2026-02-09 01:46:43,827 - INFO - No birthday today
2026-02-10 01:57:13,147 - INFO - Email successfully sent to Dhananjay
2026-02-11 01:52:58,978 - INFO - No birthday today
2026-02-12 01:46:25,790 - INFO - No birthday today
2026-02-13 01:48:39,737 - INFO - No birthday today
2026-02-14 01:27:51,996 - INFO - No birthday today
2026-02-14 11:01:38,592 - INFO - No birthday today
2026-02-14 11:05:56,021 - INFO - No birthday today
2026-02-14 11:08:39,930 - INFO - No birthday today
2026-02-14 11:34:30,355 - INFO - No birthday today
2026-02-14 11:42:41,977 - INFO - No birthday today
2026-02-14 11:51:29,740 - INFO - No birthday today
2026-02-15 01:48:28,714 - INFO - No birthday today
2026-02-15 08:20:23,819 - INFO - No birthday today
2026-02-15 08:24:22,313 - INFO - No birthday today
2026-02-15 09:53:00,187 - INFO - No birthday today
2026-02-15 09:55:29,779 - INFO - No birthday today
2026-02-15 10:00:37,351 - INFO - No birthday today
2026-02-15 10:33:41,924 - INFO - No birthday today
2026-02-15 10:45:08,833 - INFO - No birthday today
2026-02-15 10:45:10,754 - INFO - Entry added successfully for das
2026-02-15 10:45:10,754 - INFO - Entry added successfully for Das
2026-02-15 10:47:11,367 - INFO - No birthday today
2026-02-15 10:59:22,234 - INFO - No birthday today
2026-02-15 11:08:31,223 - INFO - No birthday today
2026-02-16 01:44:44,481 - INFO - No birthday today
2026-02-17 01:43:25,739 - INFO - No birthday today
2026-02-17 01:43:27,536 - INFO - Entry added successfully for Sudharshan
2026-02-18 01:46:07,550 - INFO - No birthday today
2026-02-19 01:45:38,613 - INFO - No birthday today
2026-02-20 01:29:01,015 - INFO - No birthday today
2026-02-21 01:27:24,318 - INFO - No birthday today
2026-02-22 01:44:14,716 - INFO - No birthday today
2026-02-23 01:45:03,553 - INFO - No birthday today
2026-02-24 01:42:48,144 - INFO - No birthday today
2026-02-25 01:44:59,126 - INFO - No birthday today
2026-02-26 01:41:23,440 - INFO - No birthday today
2026-02-27 01:27:44,557 - INFO - No birthday today
2026-02-28 01:21:58,058 - INFO - No birthday today
2026-03-01 01:50:23,662 - INFO - No birthday today
2026-03-02 01:42:34,602 - INFO - No birthday today
2026-03-03 01:44:50,041 - INFO - No birthday today
2026-03-04 01:27:59,897 - INFO - No birthday today
2026-03-05 01:42:10,715 - INFO - No birthday today
2026-03-06 01:44:03,326 - INFO - No birthday today
2026-03-07 01:25:25,365 - INFO - No birthday today
2026-03-08 01:42:42,645 - INFO - No birthday today
2026-03-09 01:44:00,694 - INFO - No birthday today
2026-03-10 01:25:57,869 - INFO - No birthday today
2026-03-11 01:25:58,668 - INFO - No birthday today
2026-03-12 01:25:58,663 - INFO - No birthday today
2026-03-13 01:41:29,498 - INFO - No birthday today
2026-03-14 01:27:23,525 - INFO - No birthday today
2026-03-15 01:54:03,746 - INFO - No birthday today
2026-03-16 01:55:17,311 - INFO - No birthday today
2026-03-17 01:43:29,484 - INFO - No birthday today
2026-03-18 01:48:03,106 - INFO - No birthday today
2026-03-19 01:48:37,263 - INFO - No birthday today
2026-03-20 01:43:03,131 - INFO - No birthday today
2026-03-21 01:26:13,244 - INFO - No birthday today
2026-03-22 01:47:48,004 - INFO - No birthday today
2026-03-23 01:49:08,158 - INFO - No birthday today
2026-03-24 01:29:01,297 - INFO - No birthday today
2026-03-25 01:46:51,188 - INFO - No birthday today
2026-03-26 01:52:42,648 - INFO - No birthday today
2026-03-27 01:53:04,200 - INFO - No birthday today
2026-03-28 01:45:16,176 - INFO - No birthday today
2026-03-29 01:55:59,733 - INFO - No birthday today
2026-03-30 01:58:26,233 - INFO - No birthday today
2026-03-31 01:54:13,802 - INFO - No birthday today
2026-04-01 02:02:45,223 - INFO - No birthday today
2026-04-02 01:50:52,460 - INFO - No birthday today
2026-04-03 01:52:10,873 - INFO - No birthday today
2026-04-04 01:45:41,045 - INFO - No birthday today
2026-04-05 01:58:05,279 - INFO - No birthday today
2026-04-06 01:59:12,492 - INFO - No birthday today
